<?xml version="1.0" encoding="utf-8"?><testsuites name="pytest tests"><testsuite name="pytest" errors="0" failures="0" skipped="0" tests="26" time="23.496" timestamp="2026-03-24T20:25:05.490181+00:00" hostname="agent-env-f36423ba-c9f4-435b-9ec5-ffcf70b21a80"><testcase classname="backend.tests.test_camps.TestCampsModule" name="test_admin_login" time="0.541" /><testcase classname="backend.tests.test_camps.TestCampsModule" name="test_teacher_login" time="0.451" /><testcase classname="backend.tests.test_camps.TestCampsModule" name="test_admin_get_camps_list" time="0.478" /><testcase classname="backend.tests.test_camps.TestCampsModule" name="test_admin_get_camps_with_completed" time="0.441" /><testcase classname="backend.tests.test_camps.TestCampsModule" name="test_admin_create_camp" time="0.968" /><testcase classname="backend.tests.test_camps.TestCampsModule" name="test_admin_get_single_camp" time="0.749" /><testcase classname="backend.tests.test_camps.TestCampsModule" name="test_admin_update_camp" time="1.429" /><testcase classname="backend.tests.test_camps.TestCampsModule" name="test_admin_complete_camp" time="1.506" /><testcase classname="backend.tests.test_camps.TestCampsModule" name="test_admin_delete_camp_without_participants" time="1.209" /><testcase classname="backend.tests.test_camps.TestCampsModule" name="test_admin_get_camp_students" time="0.635" /><testcase classname="backend.tests.test_camps.TestCampsModule" name="test_admin_add_camp_student" time="1.105" /><testcase classname="backend.tests.test_camps.TestCampsModule" name="test_admin_update_camp_student" time="1.160" /><testcase classname="backend.tests.test_camps.TestCampsModule" name="test_admin_toggle_payment_status" time="1.427" /><testcase classname="backend.tests.test_camps.TestCampsModule" name="test_admin_delete_camp_student" time="1.636" /><testcase classname="backend.tests.test_camps.TestCampsModule" name="test_admin_cannot_delete_camp_with_participants" time="1.313" /><testcase classname="backend.tests.test_camps.TestCampsModule" name="test_teacher_get_own_camps" time="0.464" /><testcase classname="backend.tests.test_camps.TestCampsModule" name="test_teacher_get_camp_students_readonly" time="0.659" /><testcase classname="backend.tests.test_camps.TestCampsModule" name="test_teacher_cannot_create_camp" time="0.459" /><testcase classname="backend.tests.test_camps.TestCampsModule" name="test_teacher_cannot_add_camp_student" time="0.603" /><testcase classname="backend.tests.test_camps.TestCampsModule" name="test_teacher_cannot_access_other_teacher_camp" time="1.860" /><testcase classname="backend.tests.test_camps.TestCampsModule" name="test_teacher_balance_includes_camp_earnings" time="0.464" /><testcase classname="backend.tests.test_camps.TestCampsModule" name="test_camp_earnings_calculation" time="0.775" /><testcase classname="backend.tests.test_camps.TestCampsModule" name="test_teacher_camp_earnings_endpoint" time="0.465" /><testcase classname="backend.tests.test_camps.TestCampsModule" name="test_teacher_cannot_access_other_teacher_balance" time="1.432" /><testcase classname="backend.tests.test_camps.TestCampsModule" name="test_existing_camp_data" time="0.448" /><testcase classname="backend.tests.test_camps.TestCampsModule" name="test_existing_camp_student_data" time="0.623" /></testsuite></testsuites>