<?xml version="1.0" encoding="utf-8"?><testsuites name="pytest tests"><testsuite name="pytest" errors="0" failures="0" skipped="0" tests="20" time="13.243" timestamp="2026-03-24T21:00:16.104008+00:00" hostname="agent-env-f36423ba-c9f4-435b-9ec5-ffcf70b21a80"><testcase classname="backend.tests.test_iteration5_fixes.TestAuth" name="test_admin_login_success" time="0.535" /><testcase classname="backend.tests.test_iteration5_fixes.TestAuth" name="test_teacher_login_success" time="0.361" /><testcase classname="backend.tests.test_iteration5_fixes.TestStudentDeactivation" name="test_create_student_with_active_status" time="0.482" /><testcase classname="backend.tests.test_iteration5_fixes.TestStudentDeactivation" name="test_deactivate_student" time="0.880" /><testcase classname="backend.tests.test_iteration5_fixes.TestStudentDeactivation" name="test_reactivate_student" time="0.858" /><testcase classname="backend.tests.test_iteration5_fixes.TestTeacherDeactivation" name="test_create_teacher_with_active_status" time="0.555" /><testcase classname="backend.tests.test_iteration5_fixes.TestTeacherDeactivation" name="test_deactivate_teacher" time="0.908" /><testcase classname="backend.tests.test_iteration5_fixes.TestBranchDelete" name="test_create_and_delete_branch" time="0.970" /><testcase classname="backend.tests.test_iteration5_fixes.TestBranchDelete" name="test_delete_nonexistent_branch" time="0.480" /><testcase classname="backend.tests.test_iteration5_fixes.TestPaymentsFilters" name="test_get_payments_without_filters" time="0.460" /><testcase classname="backend.tests.test_iteration5_fixes.TestPaymentsFilters" name="test_get_payments_with_month_filter" time="0.608" /><testcase classname="backend.tests.test_iteration5_fixes.TestPaymentsFilters" name="test_get_payments_with_bank_filter" time="0.730" /><testcase classname="backend.tests.test_iteration5_fixes.TestPaymentsFilters" name="test_get_payments_with_both_filters" time="0.567" /><testcase classname="backend.tests.test_iteration5_fixes.TestCampStatusPaymentLogic" name="test_kesin_kayit_means_paid" time="0.689" /><testcase classname="backend.tests.test_iteration5_fixes.TestCampStatusPaymentLogic" name="test_on_kayit_means_not_paid" time="0.680" /><testcase classname="backend.tests.test_iteration5_fixes.TestCampStatusPaymentLogic" name="test_status_change_updates_payment" time="0.917" /><testcase classname="backend.tests.test_iteration5_fixes.TestAllPlannedLessonsEndpoint" name="test_all_planned_lessons_includes_teacher_name" time="0.509" /><testcase classname="backend.tests.test_iteration5_fixes.TestYouTubeEndpoints" name="test_youtube_crud_operations" time="0.949" /><testcase classname="backend.tests.test_iteration5_fixes.TestCleanup" name="test_cleanup_test_students" time="0.598" /><testcase classname="backend.tests.test_iteration5_fixes.TestCleanup" name="test_cleanup_test_teachers" time="0.446" /></testsuite></testsuites>