<?xml version="1.0" encoding="utf-8"?><testsuites name="pytest tests"><testsuite name="pytest" errors="0" failures="0" skipped="0" tests="17" time="10.482" timestamp="2026-03-25T00:23:02.299977+00:00" hostname="agent-env-f36423ba-c9f4-435b-9ec5-ffcf70b21a80"><testcase classname="backend.tests.test_iteration6_features.TestBranchTeachers" name="test_branch_teachers_endpoint_exists" time="1.158" /><testcase classname="backend.tests.test_iteration6_features.TestBranchTeachers" name="test_branch_teachers_returns_list" time="0.721" /><testcase classname="backend.tests.test_iteration6_features.TestBranchTeachers" name="test_branch_teachers_only_active" time="0.766" /><testcase classname="backend.tests.test_iteration6_features.TestMonthlyProgramDetailed" name="test_monthly_program_detailed_endpoint_exists" time="0.449" /><testcase classname="backend.tests.test_iteration6_features.TestMonthlyProgramDetailed" name="test_monthly_program_detailed_structure" time="0.475" /><testcase classname="backend.tests.test_iteration6_features.TestMonthlyProgramDetailed" name="test_monthly_program_detailed_student_fields" time="0.443" /><testcase classname="backend.tests.test_iteration6_features.TestMonthlyProgramDetailed" name="test_monthly_program_admin_only" time="0.792" /><testcase classname="backend.tests.test_iteration6_features.TestMonthlyProgramNotes" name="test_update_note" time="0.611" /><testcase classname="backend.tests.test_iteration6_features.TestMonthlyProgramNotes" name="test_update_payment_status" time="0.559" /><testcase classname="backend.tests.test_iteration6_features.TestMonthlyProgramNotes" name="test_update_payment_date" time="0.583" /><testcase classname="backend.tests.test_iteration6_features.TestMonthlyProgramNotes" name="test_verify_note_persisted" time="0.679" /><testcase classname="backend.tests.test_iteration6_features.TestTeacherBalanceMonthFilter" name="test_teacher_balance_without_month" time="0.543" /><testcase classname="backend.tests.test_iteration6_features.TestTeacherBalanceMonthFilter" name="test_teacher_balance_with_month_filter" time="0.604" /><testcase classname="backend.tests.test_iteration6_features.TestTeacherBalanceMonthFilter" name="test_teacher_balance_month_filter_response_structure" time="0.590" /><testcase classname="backend.tests.test_iteration6_features.TestTeacherLogin" name="test_teacher_login" time="0.329" /><testcase classname="backend.tests.test_iteration6_features.TestTeacherLogin" name="test_teacher_can_access_own_balance" time="0.447" /><testcase classname="backend.tests.test_iteration6_features.TestTeacherLogin" name="test_teacher_can_access_balance_with_month_filter" time="0.483" /></testsuite></testsuites>