<?xml version="1.0" encoding="utf-8"?><testsuites name="pytest tests"><testsuite name="pytest" errors="0" failures="0" skipped="0" tests="13" time="6.480" timestamp="2026-03-25T14:34:14.896685+00:00" hostname="agent-env-f36423ba-c9f4-435b-9ec5-ffcf70b21a80"><testcase classname="backend.tests.test_iteration8_features.TestBankAccountDeletion" name="test_get_bank_accounts" time="0.662" /><testcase classname="backend.tests.test_iteration8_features.TestBankAccountDeletion" name="test_get_bank_account_balance" time="0.228" /><testcase classname="backend.tests.test_iteration8_features.TestBankAccountDeletion" name="test_delete_bank_account_with_balance_fails" time="0.468" /><testcase classname="backend.tests.test_iteration8_features.TestPaymentOperations" name="test_get_payments" time="0.494" /><testcase classname="backend.tests.test_iteration8_features.TestPaymentOperations" name="test_create_payment_without_bank_account_fails" time="0.239" /><testcase classname="backend.tests.test_iteration8_features.TestPaymentOperations" name="test_create_payment_with_bank_account_succeeds" time="0.408" /><testcase classname="backend.tests.test_iteration8_features.TestPaymentOperations" name="test_update_payment" time="0.380" /><testcase classname="backend.tests.test_iteration8_features.TestPaymentOperations" name="test_delete_payment" time="0.822" /><testcase classname="backend.tests.test_iteration8_features.TestUserByTeacher" name="test_get_user_by_teacher" time="0.588" /><testcase classname="backend.tests.test_iteration8_features.TestUserByTeacher" name="test_update_user_by_teacher" time="0.345" /><testcase classname="backend.tests.test_iteration8_features.TestBranchTeachers" name="test_get_branch_teachers" time="0.600" /><testcase classname="backend.tests.test_iteration8_features.TestStudentStats" name="test_get_students_stats_summary" time="0.465" /><testcase classname="backend.tests.test_iteration8_features.TestYearEnd" name="test_year_end_endpoint_exists" time="0.520" /></testsuite></testsuites>