<?xml version="1.0" encoding="utf-8"?><testsuites name="pytest tests"><testsuite name="pytest" errors="0" failures="0" skipped="0" tests="6" time="3.217" timestamp="2026-03-25T00:41:39.026124+00:00" hostname="agent-env-f36423ba-c9f4-435b-9ec5-ffcf70b21a80"><testcase classname="backend.tests.test_iteration7_payment_day.TestPaymentDayFeature" name="test_monthly_program_returns_payment_day_field" time="0.485" /><testcase classname="backend.tests.test_iteration7_payment_day.TestPaymentDayFeature" name="test_payment_day_matches_student_payment_freq" time="0.562" /><testcase classname="backend.tests.test_iteration7_payment_day.TestPaymentDayFeature" name="test_payment_day_values_exist" time="0.452" /><testcase classname="backend.tests.test_iteration7_payment_day.TestPaymentDayFeature" name="test_payment_status_filter_empty_option" time="0.475" /><testcase classname="backend.tests.test_iteration7_payment_day.TestStudentPaymentFreq" name="test_student_has_payment_freq_field" time="0.481" /><testcase classname="backend.tests.test_iteration7_payment_day.TestStudentPaymentFreq" name="test_create_student_with_payment_freq" time="0.602" /></testsuite></testsuites>