<?xml version="1.0" encoding="utf-8"?><testsuites name="pytest tests"><testsuite name="pytest" errors="0" failures="0" skipped="0" tests="28" time="16.279" timestamp="2026-03-23T20:15:37.399491+00:00" hostname="agent-env-f36423ba-c9f4-435b-9ec5-ffcf70b21a80"><testcase classname="backend.tests.test_new_features.TestStudentGroups" name="test_get_student_groups" time="0.584" /><testcase classname="backend.tests.test_new_features.TestStudentGroups" name="test_get_groups_by_student" time="0.552" /><testcase classname="backend.tests.test_new_features.TestStudentGroups" name="test_get_teacher_groups" time="0.556" /><testcase classname="backend.tests.test_new_features.TestStudentGroups" name="test_add_student_to_group" time="0.854" /><testcase classname="backend.tests.test_new_features.TestStudentGroups" name="test_remove_student_from_group" time="0.688" /><testcase classname="backend.tests.test_new_features.TestAllPlannedLessons" name="test_get_all_planned_lessons" time="0.440" /><testcase classname="backend.tests.test_new_features.TestAllPlannedLessons" name="test_get_all_planned_lessons_by_month" time="0.446" /><testcase classname="backend.tests.test_new_features.TestGroupLessons" name="test_create_group_lesson" time="0.570" /><testcase classname="backend.tests.test_new_features.TestGroupPlannedLessons" name="test_create_group_planned_lesson" time="0.963" /><testcase classname="backend.tests.test_new_features.TestStudentCourses" name="test_get_student_courses" time="0.469" /><testcase classname="backend.tests.test_new_features.TestStudentCourses" name="test_get_student_courses_by_student" time="0.564" /><testcase classname="backend.tests.test_new_features.TestStudentCourses" name="test_create_and_delete_student_course" time="1.061" /><testcase classname="backend.tests.test_tutoring_api.TestAuthentication" name="test_admin_login_success" time="0.340" /><testcase classname="backend.tests.test_tutoring_api.TestAuthentication" name="test_login_invalid_credentials" time="0.100" /><testcase classname="backend.tests.test_tutoring_api.TestTeachers" name="test_get_teachers_list" time="0.436" /><testcase classname="backend.tests.test_tutoring_api.TestTeachers" name="test_get_single_teacher" time="0.524" /><testcase classname="backend.tests.test_tutoring_api.TestStudents" name="test_get_students_list" time="0.520" /><testcase classname="backend.tests.test_tutoring_api.TestStudents" name="test_get_single_student" time="0.595" /><testcase classname="backend.tests.test_tutoring_api.TestLessons" name="test_create_lesson_with_teacher_rate" time="1.038" /><testcase classname="backend.tests.test_tutoring_api.TestLessons" name="test_get_lessons_list" time="0.454" /><testcase classname="backend.tests.test_tutoring_api.TestTeacherBalance" name="test_get_teacher_balance" time="0.659" /><testcase classname="backend.tests.test_tutoring_api.TestTeacherBalance" name="test_teacher_balance_uses_teacher_rate" time="0.787" /><testcase classname="backend.tests.test_tutoring_api.TestReferenceData" name="test_get_branches" time="0.448" /><testcase classname="backend.tests.test_tutoring_api.TestReferenceData" name="test_get_lesson_types" time="0.462" /><testcase classname="backend.tests.test_tutoring_api.TestReferenceData" name="test_get_seasons" time="0.434" /><testcase classname="backend.tests.test_tutoring_api.TestReferenceData" name="test_get_bank_accounts" time="0.454" /><testcase classname="backend.tests.test_tutoring_api.TestTeacherPrices" name="test_get_teacher_prices" time="0.462" /><testcase classname="backend.tests.test_tutoring_api.TestTeacherPrices" name="test_get_teacher_prices_by_teacher" time="0.754" /></testsuite></testsuites>