<?xml version="1.0" encoding="utf-8"?><testsuites name="pytest tests"><testsuite name="pytest" errors="0" failures="0" skipped="0" tests="16" time="10.889" timestamp="2026-03-23T19:31:08.943994+00:00" hostname="agent-env-f36423ba-c9f4-435b-9ec5-ffcf70b21a80"><testcase classname="backend.tests.test_tutoring_api.TestAuthentication" name="test_admin_login_success" time="1.534" /><testcase classname="backend.tests.test_tutoring_api.TestAuthentication" name="test_login_invalid_credentials" time="0.129" /><testcase classname="backend.tests.test_tutoring_api.TestTeachers" name="test_get_teachers_list" time="1.070" /><testcase classname="backend.tests.test_tutoring_api.TestTeachers" name="test_get_single_teacher" time="0.586" /><testcase classname="backend.tests.test_tutoring_api.TestStudents" name="test_get_students_list" time="0.481" /><testcase classname="backend.tests.test_tutoring_api.TestStudents" name="test_get_single_student" time="0.585" /><testcase classname="backend.tests.test_tutoring_api.TestLessons" name="test_create_lesson_with_teacher_rate" time="1.067" /><testcase classname="backend.tests.test_tutoring_api.TestLessons" name="test_get_lessons_list" time="0.441" /><testcase classname="backend.tests.test_tutoring_api.TestTeacherBalance" name="test_get_teacher_balance" time="0.602" /><testcase classname="backend.tests.test_tutoring_api.TestTeacherBalance" name="test_teacher_balance_uses_teacher_rate" time="0.753" /><testcase classname="backend.tests.test_tutoring_api.TestReferenceData" name="test_get_branches" time="0.445" /><testcase classname="backend.tests.test_tutoring_api.TestReferenceData" name="test_get_lesson_types" time="0.643" /><testcase classname="backend.tests.test_tutoring_api.TestReferenceData" name="test_get_seasons" time="0.510" /><testcase classname="backend.tests.test_tutoring_api.TestReferenceData" name="test_get_bank_accounts" time="0.509" /><testcase classname="backend.tests.test_tutoring_api.TestTeacherPrices" name="test_get_teacher_prices" time="0.512" /><testcase classname="backend.tests.test_tutoring_api.TestTeacherPrices" name="test_get_teacher_prices_by_teacher" time="0.627" /></testsuite></testsuites>